<?xml version="1.0" encoding="UTF-8"?>
<!-- Generated by org.testng.reporters.JUnitReportReporter -->
<testsuite hostname="IN-PG02P5XL" failures="0" tests="2" name="com.nagp.tests.ReadAndWriteReviewsForProductTest" time="27.582" errors="0" timestamp="2023-08-13T22:47:26 IST" skipped="0">
  <testcase classname="com.nagp.tests.ReadAndWriteReviewsForProductTest" name="ReadReviewTest" time="12.147"/>
  <system-out/>
  <testcase classname="com.nagp.tests.ReadAndWriteReviewsForProductTest" name="WriteReviewTest" time="15.435"/>
  <system-out/>
</testsuite> <!-- com.nagp.tests.ReadAndWriteReviewsForProductTest -->
