<?xml version="1.0" encoding="UTF-8"?>
<!-- Generated by org.testng.reporters.JUnitReportReporter -->
<testsuite hostname="IN-PG02P5XL" failures="0" tests="1" name="com.nagp.tests.CreateAccountTest" time="17.354" errors="0" timestamp="2023-08-13T22:47:26 IST" skipped="0">
  <testcase classname="com.nagp.tests.CreateAccountTest" name="createAccountTest" time="17.354"/>
  <system-out/>
</testsuite> <!-- com.nagp.tests.CreateAccountTest -->
